<?xml version="1.0" encoding="UTF-8"?>
<!-- Generated by org.testng.reporters.JUnitXMLReporter -->
<testsuite ignored="0" hostname="Harinders-MacBook-Air.local" failures="0" tests="3" name="Default test" time="15.191" errors="0" timestamp="2025-06-29T13:45:40 EDT">
  <testcase classname="tests.Testing1" name="Test1" time="2.697"/>
  <testcase classname="tests.Testing1" name="Test2" time="0.002"/>
  <testcase classname="tests.Testing1" name="Test3" time="0.002"/>
</testsuite> <!-- Default test -->
