<?xml version="1.0" encoding="UTF-8"?>
<!-- Generated by org.testng.reporters.JUnitXMLReporter -->
<testsuite ignored="0" hostname="Harinders-MacBook-Air.local" failures="0" tests="5" name="Test" time="13.254" errors="0" timestamp="2025-06-29T13:52:23 EDT">
  <testcase classname="tests.Testing1" name="Test1" time="2.481"/>
  <testcase classname="tests.Testing1" name="Test2" time="0.001"/>
  <testcase classname="tests.Testing1" name="Test3" time="0.001"/>
  <testcase classname="tests.Testing2" name="Test4" time="0.001"/>
  <testcase classname="tests.Testing2" name="Test5" time="0.001"/>
</testsuite> <!-- Test -->
