<?xml version="1.0" encoding="UTF-8"?>
<testng-results ignored="0" total="5" passed="5" failed="0" skipped="0">
  <reporter-output>
  </reporter-output>
  <suite started-at="2025-06-29T14:02:50 EDT" name="Surefire suite" finished-at="2025-06-29T14:03:13 EDT" duration-ms="22513">
    <groups>
    </groups>
    <test started-at="2025-06-29T14:02:50 EDT" name="Surefire test" finished-at="2025-06-29T14:03:13 EDT" duration-ms="22513">
      <class name="tests.Testing1">
        <test-method is-config="true" signature="beforeMethod()[pri:0, instance:tests.Testing1@6e15fe2]" started-at="2025-06-29T14:02:50 EDT" name="beforeMethod" finished-at="2025-06-29T14:02:56 EDT" duration-ms="5495" status="PASS">
          <reporter-output>
          </reporter-output>
        </test-method> <!-- beforeMethod -->
        <test-method signature="Test1()[pri:0, instance:tests.Testing1@6e15fe2]" started-at="2025-06-29T14:02:56 EDT" name="Test1" finished-at="2025-06-29T14:02:59 EDT" duration-ms="3234" status="PASS">
          <reporter-output>
          </reporter-output>
        </test-method> <!-- Test1 -->
        <test-method is-config="true" signature="afterMethod()[pri:0, instance:tests.Testing1@6e15fe2]" started-at="2025-06-29T14:02:59 EDT" name="afterMethod" finished-at="2025-06-29T14:03:00 EDT" duration-ms="686" status="PASS">
          <reporter-output>
          </reporter-output>
        </test-method> <!-- afterMethod -->
        <test-method is-config="true" signature="beforeMethod()[pri:0, instance:tests.Testing1@6e15fe2]" started-at="2025-06-29T14:03:00 EDT" name="beforeMethod" finished-at="2025-06-29T14:03:06 EDT" duration-ms="6016" status="PASS">
          <reporter-output>
          </reporter-output>
        </test-method> <!-- beforeMethod -->
        <test-method signature="Test2()[pri:0, instance:tests.Testing1@6e15fe2]" started-at="2025-06-29T14:03:06 EDT" name="Test2" finished-at="2025-06-29T14:03:06 EDT" duration-ms="1" status="PASS">
          <reporter-output>
          </reporter-output>
        </test-method> <!-- Test2 -->
        <test-method is-config="true" signature="afterMethod()[pri:0, instance:tests.Testing1@6e15fe2]" started-at="2025-06-29T14:03:06 EDT" name="afterMethod" finished-at="2025-06-29T14:03:06 EDT" duration-ms="681" status="PASS">
          <reporter-output>
          </reporter-output>
        </test-method> <!-- afterMethod -->
        <test-method is-config="true" signature="beforeMethod()[pri:0, instance:tests.Testing1@6e15fe2]" started-at="2025-06-29T14:03:06 EDT" name="beforeMethod" finished-at="2025-06-29T14:03:12 EDT" duration-ms="5527" status="PASS">
          <reporter-output>
          </reporter-output>
        </test-method> <!-- beforeMethod -->
        <test-method signature="Test3()[pri:0, instance:tests.Testing1@6e15fe2]" started-at="2025-06-29T14:03:12 EDT" name="Test3" finished-at="2025-06-29T14:03:12 EDT" duration-ms="1" status="PASS">
          <reporter-output>
          </reporter-output>
        </test-method> <!-- Test3 -->
        <test-method is-config="true" signature="afterMethod()[pri:0, instance:tests.Testing1@6e15fe2]" started-at="2025-06-29T14:03:12 EDT" name="afterMethod" finished-at="2025-06-29T14:03:13 EDT" duration-ms="777" status="PASS">
          <reporter-output>
          </reporter-output>
        </test-method> <!-- afterMethod -->
      </class> <!-- tests.Testing1 -->
      <class name="tests.Testing2">
        <test-method signature="Test4()[pri:0, instance:tests.Testing2@5d47c63f]" started-at="2025-06-29T14:02:50 EDT" name="Test4" finished-at="2025-06-29T14:02:50 EDT" duration-ms="4" status="PASS">
          <reporter-output>
          </reporter-output>
        </test-method> <!-- Test4 -->
        <test-method signature="Test5()[pri:0, instance:tests.Testing2@5d47c63f]" started-at="2025-06-29T14:02:50 EDT" name="Test5" finished-at="2025-06-29T14:02:50 EDT" duration-ms="0" status="PASS">
          <reporter-output>
          </reporter-output>
        </test-method> <!-- Test5 -->
      </class> <!-- tests.Testing2 -->
    </test> <!-- Surefire test -->
  </suite> <!-- Surefire suite -->
</testng-results>
