<?xml version="1.0" encoding="UTF-8"?>
<testng-results ignored="0" total="5" passed="5" failed="0" skipped="0">
  <reporter-output>
  </reporter-output>
  <suite started-at="2025-06-29T13:52:10 EDT" name="Suite" finished-at="2025-06-29T13:52:23 EDT" duration-ms="13254">
    <groups>
    </groups>
    <test started-at="2025-06-29T13:52:10 EDT" name="Test" finished-at="2025-06-29T13:52:23 EDT" duration-ms="13254">
      <class name="tests.Testing1">
        <test-method is-config="true" signature="beforeMethod()[pri:0, instance:tests.Testing1@294a6b8e]" started-at="2025-06-29T13:52:10 EDT" name="beforeMethod" finished-at="2025-06-29T13:52:13 EDT" duration-ms="3032" status="PASS">
          <reporter-output>
          </reporter-output>
        </test-method> <!-- beforeMethod -->
        <test-method signature="Test1()[pri:0, instance:tests.Testing1@294a6b8e]" started-at="2025-06-29T13:52:13 EDT" name="Test1" finished-at="2025-06-29T13:52:16 EDT" duration-ms="2481" status="PASS">
          <reporter-output>
          </reporter-output>
        </test-method> <!-- Test1 -->
        <test-method is-config="true" signature="afterMethod()[pri:0, instance:tests.Testing1@294a6b8e]" started-at="2025-06-29T13:52:16 EDT" name="afterMethod" finished-at="2025-06-29T13:52:16 EDT" duration-ms="430" status="PASS">
          <reporter-output>
          </reporter-output>
        </test-method> <!-- afterMethod -->
        <test-method is-config="true" signature="beforeMethod()[pri:0, instance:tests.Testing1@294a6b8e]" started-at="2025-06-29T13:52:16 EDT" name="beforeMethod" finished-at="2025-06-29T13:52:19 EDT" duration-ms="3045" status="PASS">
          <reporter-output>
          </reporter-output>
        </test-method> <!-- beforeMethod -->
        <test-method signature="Test2()[pri:0, instance:tests.Testing1@294a6b8e]" started-at="2025-06-29T13:52:19 EDT" name="Test2" finished-at="2025-06-29T13:52:19 EDT" duration-ms="1" status="PASS">
          <reporter-output>
          </reporter-output>
        </test-method> <!-- Test2 -->
        <test-method is-config="true" signature="afterMethod()[pri:0, instance:tests.Testing1@294a6b8e]" started-at="2025-06-29T13:52:19 EDT" name="afterMethod" finished-at="2025-06-29T13:52:20 EDT" duration-ms="577" status="PASS">
          <reporter-output>
          </reporter-output>
        </test-method> <!-- afterMethod -->
        <test-method is-config="true" signature="beforeMethod()[pri:0, instance:tests.Testing1@294a6b8e]" started-at="2025-06-29T13:52:20 EDT" name="beforeMethod" finished-at="2025-06-29T13:52:23 EDT" duration-ms="3232" status="PASS">
          <reporter-output>
          </reporter-output>
        </test-method> <!-- beforeMethod -->
        <test-method signature="Test3()[pri:0, instance:tests.Testing1@294a6b8e]" started-at="2025-06-29T13:52:23 EDT" name="Test3" finished-at="2025-06-29T13:52:23 EDT" duration-ms="1" status="PASS">
          <reporter-output>
          </reporter-output>
        </test-method> <!-- Test3 -->
        <test-method is-config="true" signature="afterMethod()[pri:0, instance:tests.Testing1@294a6b8e]" started-at="2025-06-29T13:52:23 EDT" name="afterMethod" finished-at="2025-06-29T13:52:23 EDT" duration-ms="414" status="PASS">
          <reporter-output>
          </reporter-output>
        </test-method> <!-- afterMethod -->
      </class> <!-- tests.Testing1 -->
      <class name="tests.Testing2">
        <test-method signature="Test4()[pri:0, instance:tests.Testing2@f316aeb]" started-at="2025-06-29T13:52:23 EDT" name="Test4" finished-at="2025-06-29T13:52:23 EDT" duration-ms="1" status="PASS">
          <reporter-output>
          </reporter-output>
        </test-method> <!-- Test4 -->
        <test-method signature="Test5()[pri:0, instance:tests.Testing2@f316aeb]" started-at="2025-06-29T13:52:23 EDT" name="Test5" finished-at="2025-06-29T13:52:23 EDT" duration-ms="1" status="PASS">
          <reporter-output>
          </reporter-output>
        </test-method> <!-- Test5 -->
      </class> <!-- tests.Testing2 -->
    </test> <!-- Test -->
  </suite> <!-- Suite -->
</testng-results>
